[2026-02-04 21:19:39]LOGIN_ATTEMPT: engineer - true
[2026-02-04 21:19:39]LOGIN_ATTEMPT: engineer - true
[2026-02-04 21:19:39]LOGIN_ATTEMPT: engineer - false - MFAVIOLATION
[2026-02-04 21:19:39]LOGIN_ATTEMPT: engineer - true
[2026-02-04 21:19:39]LOGIN_ATTEMPT: engineer - true
[2026-02-04 21:19:39]LOGIN_ATTEMPT: engineer - true
[2026-02-04 21:19:39]LOGIN_ATTEMPT: engineer - false - MFAVIOLATION
[2026-02-04 21:19:39]LOGIN_ATTEMPT: engineer - true
[2026-02-04 21:19:57]LOGIN_ATTEMPT: engineer - true
[2026-02-04 21:19:57]LOGIN_ATTEMPT: engineer - true
[2026-02-04 21:19:57]LOGIN_ATTEMPT: engineer - true
[2026-02-04 21:19:57]LOGIN_ATTEMPT: engineer - true
[2026-02-09 19:48:51]LOGIN_ATTEMPT: scientist - true
[2026-02-09 19:48:51]LOGIN_ATTEMPT: scientist - true
[2026-02-09 19:48:51]LOGIN_ATTEMPT: scientist - true
[2026-02-09 19:48:51]LOGIN_ATTEMPT: scientist - true
[2026-03-01 19:52:51]LOGIN_ATTEMPT: scientist - true
[2026-03-01 19:52:51]LOGIN_ATTEMPT: scientist - true
[2026-03-01 19:54:25]LOGIN_ATTEMPT: sci - true
[2026-03-01 19:54:25]LOGIN_ATTEMPT: sci - true
[2026-03-01 20:01:17]LOGIN_ATTEMPT: sci - true
[2026-03-01 20:01:17]LOGIN_ATTEMPT: sci - true
[2026-03-01 20:04:45]LOGIN_ATTEMPT: scient - false - PASSWORDPOLICYVIOLATION
[2026-03-01 20:04:45]LOGIN_ATTEMPT: scient - false - PASSWORDPOLICYVIOLATION
[2026-03-01 20:07:58]LOGIN_ATTEMPT: sidb - false - PASSWORDPOLICYVIOLATION
[2026-03-01 20:07:58]LOGIN_ATTEMPT: sidb - false - PASSWORDPOLICYVIOLATION
[2026-03-01 20:08:38]LOGIN_ATTEMPT: diqbqiu - false - PASSWORDPOLICYVIOLATION
[2026-03-01 20:08:38]LOGIN_ATTEMPT: diqbqiu - false - PASSWORDPOLICYVIOLATION
[2026-03-01 20:09:01]LOGIN_ATTEMPT: fiubfqiwu - false - PASSWORDPOLICYVIOLATION
[2026-03-01 20:09:01]LOGIN_ATTEMPT: fiubfqiwu - false - PASSWORDPOLICYVIOLATION
